# JRE version: OpenJDK Runtime Environment Temurin-17.0.2+8 (17.0.2+8) (build 17.0.2+8)
# Java VM: OpenJDK 64-Bit Server VM Temurin-17.0.2+8 (17.0.2+8, mixed mode, emulated-client, tiered, compressed oops, compressed class ptrs, g1 gc, windows-amd64)
GC Precious Log:
 CPUs: 4 total, 4 available
 Memory: 4036M
 Large Page Support: Disabled
 NUMA Support: Disabled
 Compressed Oops: Enabled (32-bit)
 Heap Region Size: 1M
 Heap Min Capacity: 8M
 Heap Initial Capacity: 64M
 Heap Max Capacity: 1010M
 Pre-touch: Disabled
 Parallel Workers: 4
 Concurrent Workers: 1
 Concurrent Refinement Workers: 4
 Periodic GC: Disabled
Heap:
 garbage-first heap   total 58368K, used 22089K [0x00000000c0e00000, 0x0000000100000000)
  region size 1024K, 2 young (2048K), 2 survivors (2048K)
 Metaspace       used 51865K, committed 52352K, reserved 1097728K
  class space    used 6312K, committed 6528K, reserved 1048576K
GC Heap History (20 events):
Event: 1.928 GC heap after
{Heap after GC invocations=6 (full 0):
 garbage-first heap   total 34816K, used 8380K [0x00000000c0e00000, 0x0000000100000000)
  region size 1024K, 4 young (4096K), 4 survivors (4096K)
 Metaspace       used 25673K, committed 25984K, reserved 1073152K
  class space    used 3043K, committed 3200K, reserved 1048576K
}
Event: 1.938 GC heap before
{Heap before GC invocations=6 (full 0):
 garbage-first heap   total 34816K, used 8380K [0x00000000c0e00000, 0x0000000100000000)
  region size 1024K, 5 young (5120K), 4 survivors (4096K)
 Metaspace       used 25866K, committed 26176K, reserved 1073152K
  class space    used 3076K, committed 3200K, reserved 1048576K
}
Event: 1.944 GC heap after
{Heap after GC invocations=7 (full 0):
 garbage-first heap   total 34816K, used 8633K [0x00000000c0e00000, 0x0000000100000000)
  region size 1024K, 1 young (1024K), 1 survivors (1024K)
 Metaspace       used 25866K, committed 26176K, reserved 1073152K
  class space    used 3076K, committed 3200K, reserved 1048576K
}
Event: 2.279 GC heap before
{Heap before GC invocations=7 (full 0):
 garbage-first heap   total 34816K, used 22969K [0x00000000c0e00000, 0x0000000100000000)
  region size 1024K, 15 young (15360K), 1 survivors (1024K)
 Metaspace       used 27421K, committed 27648K, reserved 1073152K
  class space    used 3298K, committed 3392K, reserved 1048576K
}
Event: 2.281 GC heap after
{Heap after GC invocations=8 (full 0):
 garbage-first heap   total 34816K, used 9363K [0x00000000c0e00000, 0x0000000100000000)
  region size 1024K, 2 young (2048K), 2 survivors (2048K)
 Metaspace       used 27421K, committed 27648K, reserved 1073152K
  class space    used 3298K, committed 3392K, reserved 1048576K
}
Event: 2.582 GC heap before
{Heap before GC invocations=8 (full 0):
 garbage-first heap   total 34816K, used 23699K [0x00000000c0e00000, 0x0000000100000000)
  region size 1024K, 16 young (16384K), 2 survivors (2048K)
 Metaspace       used 28632K, committed 28864K, reserved 1081344K
  class space    used 3484K, committed 3584K, reserved 1048576K
}
Event: 2.586 GC heap after
{Heap after GC invocations=9 (full 0):
 garbage-first heap   total 34816K, used 10133K [0x00000000c0e00000, 0x0000000100000000)
  region size 1024K, 1 young (1024K), 1 survivors (1024K)
 Metaspace       used 28632K, committed 28864K, reserved 1081344K
  class space    used 3484K, committed 3584K, reserved 1048576K
}
Event: 2.935 GC heap before
{Heap before GC invocations=9 (full 0):
 garbage-first heap   total 34816K, used 25493K [0x00000000c0e00000, 0x0000000100000000)
  region size 1024K, 16 young (16384K), 1 survivors (1024K)
 Metaspace       used 30753K, committed 31040K, reserved 1081344K
  class space    used 3805K, committed 3968K, reserved 1048576K
}
Event: 2.940 GC heap after
{Heap after GC invocations=10 (full 0):
 garbage-first heap   total 69632K, used 11398K [0x00000000c0e00000, 0x0000000100000000)
  region size 1024K, 2 young (2048K), 2 survivors (2048K)
 Metaspace       used 30753K, committed 31040K, reserved 1081344K
  class space    used 3805K, committed 3968K, reserved 1048576K
}
Event: 3.690 GC heap before
{Heap before GC invocations=10 (full 0):
 garbage-first heap   total 69632K, used 40070K [0x00000000c0e00000, 0x0000000100000000)
  region size 1024K, 31 young (31744K), 2 survivors (2048K)
 Metaspace       used 35943K, committed 36288K, reserved 1081344K
  class space    used 4455K, committed 4608K, reserved 1048576K
}
Event: 3.698 GC heap after
{Heap after GC invocations=11 (full 0):
 garbage-first heap   total 69632K, used 14423K [0x00000000c0e00000, 0x0000000100000000)
  region size 1024K, 5 young (5120K), 5 survivors (5120K)
 Metaspace       used 35943K, committed 36288K, reserved 1081344K
  class space    used 4455K, committed 4608K, reserved 1048576K
}
Event: 4.189 GC heap before
{Heap before GC invocations=12 (full 0):
 garbage-first heap   total 58368K, used 44119K [0x00000000c0e00000, 0x0000000100000000)
  region size 1024K, 34 young (34816K), 5 survivors (5120K)
 Metaspace       used 40081K, committed 40448K, reserved 1089536K
  class space    used 5040K, committed 5184K, reserved 1048576K
}
Event: 4.206 GC heap after
{Heap after GC invocations=13 (full 0):
 garbage-first heap   total 58368K, used 16494K [0x00000000c0e00000, 0x0000000100000000)
  region size 1024K, 3 young (3072K), 3 survivors (3072K)
 Metaspace       used 40081K, committed 40448K, reserved 1089536K
  class space    used 5040K, committed 5184K, reserved 1048576K
}
Event: 4.752 GC heap before
{Heap before GC invocations=13 (full 0):
 garbage-first heap   total 58368K, used 42094K [0x00000000c0e00000, 0x0000000100000000)
  region size 1024K, 28 young (28672K), 3 survivors (3072K)
 Metaspace       used 43239K, committed 43712K, reserved 1089536K
  class space    used 5478K, committed 5696K, reserved 1048576K
}
Event: 4.769 GC heap after
{Heap after GC invocations=14 (full 0):
 garbage-first heap   total 58368K, used 19202K [0x00000000c0e00000, 0x0000000100000000)
  region size 1024K, 3 young (3072K), 3 survivors (3072K)
 Metaspace       used 43239K, committed 43712K, reserved 1089536K
  class space    used 5478K, committed 5696K, reserved 1048576K
}
Event: 15.902 GC heap before
{Heap before GC invocations=14 (full 0):
 garbage-first heap   total 58368K, used 41730K [0x00000000c0e00000, 0x0000000100000000)
  region size 1024K, 26 young (26624K), 3 survivors (3072K)
 Metaspace       used 48527K, committed 49024K, reserved 1097728K
  class space    used 5953K, committed 6208K, reserved 1048576K
}
Event: 15.910 GC heap after
{Heap after GC invocations=15 (full 0):
 garbage-first heap   total 58368K, used 20721K [0x00000000c0e00000, 0x0000000100000000)
  region size 1024K, 2 young (2048K), 2 survivors (2048K)
 Metaspace       used 48527K, committed 49024K, reserved 1097728K
  class space    used 5953K, committed 6208K, reserved 1048576K
}
Event: 16.429 GC heap before
{Heap before GC invocations=15 (full 0):
 garbage-first heap   total 58368K, used 43249K [0x00000000c0e00000, 0x0000000100000000)
  region size 1024K, 25 young (25600K), 2 survivors (2048K)
 Metaspace       used 51718K, committed 52224K, reserved 1097728K
  class space    used 6295K, committed 6528K, reserved 1048576K
}
Event: 16.434 GC heap after
{Heap after GC invocations=16 (full 0):
 garbage-first heap   total 58368K, used 21728K [0x00000000c0e00000, 0x0000000100000000)
  region size 1024K, 3 young (3072K), 3 survivors (3072K)
 Metaspace       used 51718K, committed 52224K, reserved 1097728K
  class space    used 6295K, committed 6528K, reserved 1048576K
}
Event: 16.771 GC heap before
{Heap before GC invocations=16 (full 0):
 garbage-first heap   total 58368K, used 43232K [0x00000000c0e00000, 0x0000000100000000)
  region size 1024K, 25 young (25600K), 3 survivors (3072K)
 Metaspace       used 51865K, committed 52352K, reserved 1097728K
  class space    used 6312K, committed 6528K, reserved 1048576K
}

