# JRE version: OpenJDK Runtime Environment Temurin-17.0.2+8 (17.0.2+8) (build 17.0.2+8)
# Java VM: OpenJDK 64-Bit Server VM Temurin-17.0.2+8 (17.0.2+8, mixed mode, emulated-client, tiered, compressed oops, compressed class ptrs, g1 gc, windows-amd64)
GC Precious Log:
 CPUs: 4 total, 4 available
 Memory: 4036M
 Large Page Support: Disabled
 NUMA Support: Disabled
 Compressed Oops: Enabled (32-bit)
 Heap Region Size: 1M
 Heap Min Capacity: 8M
 Heap Initial Capacity: 64M
 Heap Max Capacity: 1010M
 Pre-touch: Disabled
 Parallel Workers: 4
 Concurrent Workers: 1
 Concurrent Refinement Workers: 4
 Periodic GC: Disabled
Heap:
 garbage-first heap   total 55296K, used 22501K [0x00000000c0e00000, 0x0000000100000000)
  region size 1024K, 6 young (6144K), 2 survivors (2048K)
 Metaspace       used 44237K, committed 44608K, reserved 1089536K
  class space    used 5596K, committed 5760K, reserved 1048576K
GC Heap History (20 events):
Event: 1.641 GC heap before
{Heap before GC invocations=2 (full 0):
 garbage-first heap   total 65536K, used 23721K [0x00000000c0e00000, 0x0000000100000000)
  region size 1024K, 20 young (20480K), 1 survivors (1024K)
 Metaspace       used 21281K, committed 21504K, reserved 1073152K
  class space    used 2500K, committed 2624K, reserved 1048576K
}
Event: 1.645 GC heap after
{Heap after GC invocations=3 (full 0):
 garbage-first heap   total 65536K, used 7594K [0x00000000c0e00000, 0x0000000100000000)
  region size 1024K, 3 young (3072K), 3 survivors (3072K)
 Metaspace       used 21281K, committed 21504K, reserved 1073152K
  class space    used 2500K, committed 2624K, reserved 1048576K
}
Event: 1.894 GC heap before
{Heap before GC invocations=4 (full 0):
 garbage-first heap   total 37888K, used 26026K [0x00000000c0e00000, 0x0000000100000000)
  region size 1024K, 23 young (23552K), 3 survivors (3072K)
 Metaspace       used 25915K, committed 26176K, reserved 1073152K
  class space    used 3088K, committed 3200K, reserved 1048576K
}
Event: 1.901 GC heap after
{Heap after GC invocations=5 (full 0):
 garbage-first heap   total 37888K, used 8388K [0x00000000c0e00000, 0x0000000100000000)
  region size 1024K, 3 young (3072K), 3 survivors (3072K)
 Metaspace       used 25915K, committed 26176K, reserved 1073152K
  class space    used 3088K, committed 3200K, reserved 1048576K
}
Event: 2.255 GC heap before
{Heap before GC invocations=5 (full 0):
 garbage-first heap   total 37888K, used 22724K [0x00000000c0e00000, 0x0000000100000000)
  region size 1024K, 18 young (18432K), 3 survivors (3072K)
 Metaspace       used 27447K, committed 27648K, reserved 1073152K
  class space    used 3305K, committed 3392K, reserved 1048576K
}
Event: 2.262 GC heap after
{Heap after GC invocations=6 (full 0):
 garbage-first heap   total 37888K, used 9850K [0x00000000c0e00000, 0x0000000100000000)
  region size 1024K, 3 young (3072K), 3 survivors (3072K)
 Metaspace       used 27447K, committed 27648K, reserved 1073152K
  class space    used 3305K, committed 3392K, reserved 1048576K
}
Event: 2.562 GC heap before
{Heap before GC invocations=6 (full 0):
 garbage-first heap   total 37888K, used 24186K [0x00000000c0e00000, 0x0000000100000000)
  region size 1024K, 17 young (17408K), 3 survivors (3072K)
 Metaspace       used 28727K, committed 28992K, reserved 1081344K
  class space    used 3504K, committed 3648K, reserved 1048576K
}
Event: 2.567 GC heap after
{Heap after GC invocations=7 (full 0):
 garbage-first heap   total 37888K, used 10142K [0x00000000c0e00000, 0x0000000100000000)
  region size 1024K, 2 young (2048K), 2 survivors (2048K)
 Metaspace       used 28727K, committed 28992K, reserved 1081344K
  class space    used 3504K, committed 3648K, reserved 1048576K
}
Event: 2.952 GC heap before
{Heap before GC invocations=7 (full 0):
 garbage-first heap   total 37888K, used 25502K [0x00000000c0e00000, 0x0000000100000000)
  region size 1024K, 18 young (18432K), 2 survivors (2048K)
 Metaspace       used 31300K, committed 31616K, reserved 1081344K
  class space    used 3878K, committed 4032K, reserved 1048576K
}
Event: 2.958 GC heap after
{Heap after GC invocations=8 (full 0):
 garbage-first heap   total 46080K, used 11672K [0x00000000c0e00000, 0x0000000100000000)
  region size 1024K, 3 young (3072K), 3 survivors (3072K)
 Metaspace       used 31300K, committed 31616K, reserved 1081344K
  class space    used 3878K, committed 4032K, reserved 1048576K
}
Event: 3.388 GC heap before
{Heap before GC invocations=8 (full 0):
 garbage-first heap   total 46080K, used 31128K [0x00000000c0e00000, 0x0000000100000000)
  region size 1024K, 23 young (23552K), 3 survivors (3072K)
 Metaspace       used 34563K, committed 34944K, reserved 1081344K
  class space    used 4298K, committed 4480K, reserved 1048576K
}
Event: 3.397 GC heap after
{Heap after GC invocations=9 (full 0):
 garbage-first heap   total 46080K, used 14000K [0x00000000c0e00000, 0x0000000100000000)
  region size 1024K, 3 young (3072K), 3 survivors (3072K)
 Metaspace       used 34563K, committed 34944K, reserved 1081344K
  class space    used 4298K, committed 4480K, reserved 1048576K
}
Event: 3.743 GC heap before
{Heap before GC invocations=9 (full 0):
 garbage-first heap   total 46080K, used 24240K [0x00000000c0e00000, 0x0000000100000000)
  region size 1024K, 14 young (14336K), 3 survivors (3072K)
 Metaspace       used 36057K, committed 36416K, reserved 1081344K
  class space    used 4473K, committed 4672K, reserved 1048576K
}
Event: 3.748 GC heap after
{Heap after GC invocations=10 (full 0):
 garbage-first heap   total 46080K, used 14846K [0x00000000c0e00000, 0x0000000100000000)
  region size 1024K, 1 young (1024K), 1 survivors (1024K)
 Metaspace       used 36057K, committed 36416K, reserved 1081344K
  class space    used 4473K, committed 4672K, reserved 1048576K
}
Event: 4.087 GC heap before
{Heap before GC invocations=11 (full 0):
 garbage-first heap   total 46080K, used 32254K [0x00000000c0e00000, 0x0000000100000000)
  region size 1024K, 19 young (19456K), 1 survivors (1024K)
 Metaspace       used 39512K, committed 39872K, reserved 1089536K
  class space    used 4955K, committed 5120K, reserved 1048576K
}
Event: 4.092 GC heap after
{Heap after GC invocations=12 (full 0):
 garbage-first heap   total 46080K, used 15813K [0x00000000c0e00000, 0x0000000100000000)
  region size 1024K, 2 young (2048K), 2 survivors (2048K)
 Metaspace       used 39512K, committed 39872K, reserved 1089536K
  class space    used 4955K, committed 5120K, reserved 1048576K
}
Event: 4.369 GC heap before
{Heap before GC invocations=12 (full 0):
 garbage-first heap   total 46080K, used 32197K [0x00000000c0e00000, 0x0000000100000000)
  region size 1024K, 19 young (19456K), 2 survivors (2048K)
 Metaspace       used 41233K, committed 41664K, reserved 1089536K
  class space    used 5210K, committed 5440K, reserved 1048576K
}
Event: 4.376 GC heap after
{Heap after GC invocations=13 (full 0):
 garbage-first heap   total 46080K, used 17659K [0x00000000c0e00000, 0x0000000100000000)
  region size 1024K, 3 young (3072K), 3 survivors (3072K)
 Metaspace       used 41233K, committed 41664K, reserved 1089536K
  class space    used 5210K, committed 5440K, reserved 1048576K
}
Event: 5.265 GC heap before
{Heap before GC invocations=13 (full 0):
 garbage-first heap   total 46080K, used 34043K [0x00000000c0e00000, 0x0000000100000000)
  region size 1024K, 19 young (19456K), 3 survivors (3072K)
 Metaspace       used 43405K, committed 43840K, reserved 1089536K
  class space    used 5505K, committed 5696K, reserved 1048576K
}
Event: 5.273 GC heap after
{Heap after GC invocations=14 (full 0):
 garbage-first heap   total 55296K, used 19429K [0x00000000c0e00000, 0x0000000100000000)
  region size 1024K, 2 young (2048K), 2 survivors (2048K)
 Metaspace       used 43405K, committed 43840K, reserved 1089536K
  class space    used 5505K, committed 5696K, reserved 1048576K
}

