# JRE version: OpenJDK Runtime Environment Temurin-17.0.2+8 (17.0.2+8) (build 17.0.2+8)
# Java VM: OpenJDK 64-Bit Server VM Temurin-17.0.2+8 (17.0.2+8, mixed mode, emulated-client, tiered, compressed oops, compressed class ptrs, g1 gc, windows-amd64)
GC Precious Log:
 CPUs: 4 total, 4 available
 Memory: 4036M
 Large Page Support: Disabled
 NUMA Support: Disabled
 Compressed Oops: Enabled (32-bit)
 Heap Region Size: 1M
 Heap Min Capacity: 8M
 Heap Initial Capacity: 64M
 Heap Max Capacity: 1010M
 Pre-touch: Disabled
 Parallel Workers: 4
 Concurrent Workers: 1
 Concurrent Refinement Workers: 4
 Periodic GC: Disabled
Heap:
 garbage-first heap   total 58368K, used 23978K [0x00000000c0e00000, 0x0000000100000000)
  region size 1024K, 6 young (6144K), 2 survivors (2048K)
 Metaspace       used 49633K, committed 50112K, reserved 1097728K
  class space    used 6089K, committed 6336K, reserved 1048576K
GC Heap History (20 events):
Event: 1.779 GC heap before
{Heap before GC invocations=2 (full 0):
 garbage-first heap   total 65536K, used 24702K [0x00000000c0e00000, 0x0000000100000000)
  region size 1024K, 21 young (21504K), 1 survivors (1024K)
 Metaspace       used 21278K, committed 21504K, reserved 1073152K
  class space    used 2498K, committed 2624K, reserved 1048576K
}
Event: 1.785 GC heap after
{Heap after GC invocations=3 (full 0):
 garbage-first heap   total 65536K, used 7595K [0x00000000c0e00000, 0x0000000100000000)
  region size 1024K, 3 young (3072K), 3 survivors (3072K)
 Metaspace       used 21278K, committed 21504K, reserved 1073152K
  class space    used 2498K, committed 2624K, reserved 1048576K
}
Event: 2.031 GC heap before
{Heap before GC invocations=4 (full 0):
 garbage-first heap   total 37888K, used 26027K [0x00000000c0e00000, 0x0000000100000000)
  region size 1024K, 23 young (23552K), 3 survivors (3072K)
 Metaspace       used 25866K, committed 26176K, reserved 1073152K
  class space    used 3078K, committed 3200K, reserved 1048576K
}
Event: 2.037 GC heap after
{Heap after GC invocations=5 (full 0):
 garbage-first heap   total 37888K, used 8481K [0x00000000c0e00000, 0x0000000100000000)
  region size 1024K, 4 young (4096K), 4 survivors (4096K)
 Metaspace       used 25866K, committed 26176K, reserved 1073152K
  class space    used 3078K, committed 3200K, reserved 1048576K
}
Event: 2.048 GC heap before
{Heap before GC invocations=5 (full 0):
 garbage-first heap   total 37888K, used 9505K [0x00000000c0e00000, 0x0000000100000000)
  region size 1024K, 5 young (5120K), 4 survivors (4096K)
 Metaspace       used 26169K, committed 26432K, reserved 1073152K
  class space    used 3106K, committed 3200K, reserved 1048576K
}
Event: 2.053 GC heap after
{Heap after GC invocations=6 (full 0):
 garbage-first heap   total 37888K, used 8706K [0x00000000c0e00000, 0x0000000100000000)
  region size 1024K, 1 young (1024K), 1 survivors (1024K)
 Metaspace       used 26169K, committed 26432K, reserved 1073152K
  class space    used 3106K, committed 3200K, reserved 1048576K
}
Event: 2.417 GC heap before
{Heap before GC invocations=6 (full 0):
 garbage-first heap   total 37888K, used 25090K [0x00000000c0e00000, 0x0000000100000000)
  region size 1024K, 17 young (17408K), 1 survivors (1024K)
 Metaspace       used 27500K, committed 27776K, reserved 1073152K
  class space    used 3316K, committed 3456K, reserved 1048576K
}
Event: 2.420 GC heap after
{Heap after GC invocations=7 (full 0):
 garbage-first heap   total 37888K, used 9655K [0x00000000c0e00000, 0x0000000100000000)
  region size 1024K, 2 young (2048K), 2 survivors (2048K)
 Metaspace       used 27500K, committed 27776K, reserved 1073152K
  class space    used 3316K, committed 3456K, reserved 1048576K
}
Event: 2.782 GC heap before
{Heap before GC invocations=7 (full 0):
 garbage-first heap   total 37888K, used 25015K [0x00000000c0e00000, 0x0000000100000000)
  region size 1024K, 18 young (18432K), 2 survivors (2048K)
 Metaspace       used 29211K, committed 29504K, reserved 1081344K
  class space    used 3576K, committed 3712K, reserved 1048576K
}
Event: 2.786 GC heap after
{Heap after GC invocations=8 (full 0):
 garbage-first heap   total 37888K, used 10591K [0x00000000c0e00000, 0x0000000100000000)
  region size 1024K, 3 young (3072K), 3 survivors (3072K)
 Metaspace       used 29211K, committed 29504K, reserved 1081344K
  class space    used 3576K, committed 3712K, reserved 1048576K
}
Event: 3.167 GC heap before
{Heap before GC invocations=8 (full 0):
 garbage-first heap   total 37888K, used 26975K [0x00000000c0e00000, 0x0000000100000000)
  region size 1024K, 19 young (19456K), 3 survivors (3072K)
 Metaspace       used 31837K, committed 32192K, reserved 1081344K
  class space    used 3990K, committed 4160K, reserved 1048576K
}
Event: 3.173 GC heap after
{Heap after GC invocations=9 (full 0):
 garbage-first heap   total 75776K, used 12294K [0x00000000c0e00000, 0x0000000100000000)
  region size 1024K, 3 young (3072K), 3 survivors (3072K)
 Metaspace       used 31837K, committed 32192K, reserved 1081344K
  class space    used 3990K, committed 4160K, reserved 1048576K
}
Event: 3.829 GC heap before
{Heap before GC invocations=9 (full 0):
 garbage-first heap   total 75776K, used 39942K [0x00000000c0e00000, 0x0000000100000000)
  region size 1024K, 31 young (31744K), 3 survivors (3072K)
 Metaspace       used 36057K, committed 36416K, reserved 1081344K
  class space    used 4473K, committed 4672K, reserved 1048576K
}
Event: 3.837 GC heap after
{Heap after GC invocations=10 (full 0):
 garbage-first heap   total 75776K, used 14728K [0x00000000c0e00000, 0x0000000100000000)
  region size 1024K, 6 young (6144K), 6 survivors (6144K)
 Metaspace       used 36057K, committed 36416K, reserved 1081344K
  class space    used 4473K, committed 4672K, reserved 1048576K
}
Event: 4.331 GC heap before
{Heap before GC invocations=11 (full 0):
 garbage-first heap   total 58368K, used 43400K [0x00000000c0e00000, 0x0000000100000000)
  region size 1024K, 34 young (34816K), 6 survivors (6144K)
 Metaspace       used 40533K, committed 40832K, reserved 1089536K
  class space    used 5107K, committed 5248K, reserved 1048576K
}
Event: 4.345 GC heap after
{Heap after GC invocations=12 (full 0):
 garbage-first heap   total 58368K, used 17068K [0x00000000c0e00000, 0x0000000100000000)
  region size 1024K, 5 young (5120K), 5 survivors (5120K)
 Metaspace       used 40533K, committed 40832K, reserved 1089536K
  class space    used 5107K, committed 5248K, reserved 1048576K
}
Event: 13.059 GC heap before
{Heap before GC invocations=12 (full 0):
 garbage-first heap   total 58368K, used 42668K [0x00000000c0e00000, 0x0000000100000000)
  region size 1024K, 30 young (30720K), 5 survivors (5120K)
 Metaspace       used 43415K, committed 43840K, reserved 1089536K
  class space    used 5507K, committed 5696K, reserved 1048576K
}
Event: 13.080 GC heap after
{Heap after GC invocations=13 (full 0):
 garbage-first heap   total 58368K, used 19654K [0x00000000c0e00000, 0x0000000100000000)
  region size 1024K, 3 young (3072K), 3 survivors (3072K)
 Metaspace       used 43415K, committed 43840K, reserved 1089536K
  class space    used 5507K, committed 5696K, reserved 1048576K
}
Event: 27.954 GC heap before
{Heap before GC invocations=13 (full 0):
 garbage-first heap   total 58368K, used 42182K [0x00000000c0e00000, 0x0000000100000000)
  region size 1024K, 26 young (26624K), 3 survivors (3072K)
 Metaspace       used 49133K, committed 49600K, reserved 1097728K
  class space    used 6028K, committed 6272K, reserved 1048576K
}
Event: 27.960 GC heap after
{Heap after GC invocations=14 (full 0):
 garbage-first heap   total 58368K, used 20906K [0x00000000c0e00000, 0x0000000100000000)
  region size 1024K, 2 young (2048K), 2 survivors (2048K)
 Metaspace       used 49133K, committed 49600K, reserved 1097728K
  class space    used 6028K, committed 6272K, reserved 1048576K
}

