# JRE version: OpenJDK Runtime Environment Temurin-17.0.2+8 (17.0.2+8) (build 17.0.2+8)
# Java VM: OpenJDK 64-Bit Server VM Temurin-17.0.2+8 (17.0.2+8, mixed mode, emulated-client, tiered, compressed oops, compressed class ptrs, g1 gc, windows-amd64)
GC Precious Log:
 CPUs: 4 total, 4 available
 Memory: 4036M
 Large Page Support: Disabled
 NUMA Support: Disabled
 Compressed Oops: Enabled (32-bit)
 Heap Region Size: 1M
 Heap Min Capacity: 8M
 Heap Initial Capacity: 64M
 Heap Max Capacity: 1010M
 Pre-touch: Disabled
 Parallel Workers: 4
 Concurrent Workers: 1
 Concurrent Refinement Workers: 4
 Periodic GC: Disabled
Heap:
 garbage-first heap   total 51200K, used 24892K [0x00000000c0e00000, 0x0000000100000000)
  region size 1024K, 10 young (10240K), 3 survivors (3072K)
 Metaspace       used 43335K, committed 43712K, reserved 1089536K
  class space    used 5487K, committed 5696K, reserved 1048576K
GC Heap History (20 events):
Event: 1.837 GC heap before
{Heap before GC invocations=3 (full 0):
 garbage-first heap   total 65536K, used 7389K [0x00000000c0e00000, 0x0000000100000000)
  region size 1024K, 4 young (4096K), 3 survivors (3072K)
 Metaspace       used 21228K, committed 21504K, reserved 1073152K
  class space    used 2460K, committed 2624K, reserved 1048576K
}
Event: 1.840 GC heap after
{Heap after GC invocations=4 (full 0):
 garbage-first heap   total 65536K, used 7585K [0x00000000c0e00000, 0x0000000100000000)
  region size 1024K, 3 young (3072K), 3 survivors (3072K)
 Metaspace       used 21228K, committed 21504K, reserved 1073152K
  class space    used 2460K, committed 2624K, reserved 1048576K
}
Event: 2.051 GC heap before
{Heap before GC invocations=5 (full 0):
 garbage-first heap   total 34816K, used 24993K [0x00000000c0e00000, 0x0000000100000000)
  region size 1024K, 22 young (22528K), 3 survivors (3072K)
 Metaspace       used 25685K, committed 25920K, reserved 1073152K
  class space    used 3037K, committed 3136K, reserved 1048576K
}
Event: 2.056 GC heap after
{Heap after GC invocations=6 (full 0):
 garbage-first heap   total 34816K, used 8105K [0x00000000c0e00000, 0x0000000100000000)
  region size 1024K, 3 young (3072K), 3 survivors (3072K)
 Metaspace       used 25685K, committed 25920K, reserved 1073152K
  class space    used 3037K, committed 3136K, reserved 1048576K
}
Event: 2.377 GC heap before
{Heap before GC invocations=6 (full 0):
 garbage-first heap   total 34816K, used 22441K [0x00000000c0e00000, 0x0000000100000000)
  region size 1024K, 18 young (18432K), 3 survivors (3072K)
 Metaspace       used 26941K, committed 27200K, reserved 1073152K
  class space    used 3232K, committed 3328K, reserved 1048576K
}
Event: 2.383 GC heap after
{Heap after GC invocations=7 (full 0):
 garbage-first heap   total 34816K, used 9522K [0x00000000c0e00000, 0x0000000100000000)
  region size 1024K, 3 young (3072K), 3 survivors (3072K)
 Metaspace       used 26941K, committed 27200K, reserved 1073152K
  class space    used 3232K, committed 3328K, reserved 1048576K
}
Event: 2.687 GC heap before
{Heap before GC invocations=7 (full 0):
 garbage-first heap   total 34816K, used 21810K [0x00000000c0e00000, 0x0000000100000000)
  region size 1024K, 16 young (16384K), 3 survivors (3072K)
 Metaspace       used 28196K, committed 28480K, reserved 1081344K
  class space    used 3423K, committed 3520K, reserved 1048576K
}
Event: 2.691 GC heap after
{Heap after GC invocations=8 (full 0):
 garbage-first heap   total 41984K, used 9918K [0x00000000c0e00000, 0x0000000100000000)
  region size 1024K, 1 young (1024K), 1 survivors (1024K)
 Metaspace       used 28196K, committed 28480K, reserved 1081344K
  class space    used 3423K, committed 3520K, reserved 1048576K
}
Event: 3.106 GC heap before
{Heap before GC invocations=8 (full 0):
 garbage-first heap   total 41984K, used 30398K [0x00000000c0e00000, 0x0000000100000000)
  region size 1024K, 21 young (21504K), 1 survivors (1024K)
 Metaspace       used 31296K, committed 31680K, reserved 1081344K
  class space    used 3902K, committed 4096K, reserved 1048576K
}
Event: 3.111 GC heap after
{Heap after GC invocations=9 (full 0):
 garbage-first heap   total 41984K, used 11855K [0x00000000c0e00000, 0x0000000100000000)
  region size 1024K, 3 young (3072K), 3 survivors (3072K)
 Metaspace       used 31296K, committed 31680K, reserved 1081344K
  class space    used 3902K, committed 4096K, reserved 1048576K
}
Event: 3.474 GC heap before
{Heap before GC invocations=9 (full 0):
 garbage-first heap   total 41984K, used 30287K [0x00000000c0e00000, 0x0000000100000000)
  region size 1024K, 21 young (21504K), 3 survivors (3072K)
 Metaspace       used 34231K, committed 34624K, reserved 1081344K
  class space    used 4251K, committed 4416K, reserved 1048576K
}
Event: 3.481 GC heap after
{Heap after GC invocations=10 (full 0):
 garbage-first heap   total 41984K, used 13777K [0x00000000c0e00000, 0x0000000100000000)
  region size 1024K, 2 young (2048K), 2 survivors (2048K)
 Metaspace       used 34231K, committed 34624K, reserved 1081344K
  class space    used 4251K, committed 4416K, reserved 1048576K
}
Event: 3.738 GC heap before
{Heap before GC invocations=10 (full 0):
 garbage-first heap   total 41984K, used 25041K [0x00000000c0e00000, 0x0000000100000000)
  region size 1024K, 14 young (14336K), 2 survivors (2048K)
 Metaspace       used 36057K, committed 36416K, reserved 1081344K
  class space    used 4475K, committed 4672K, reserved 1048576K
}
Event: 3.743 GC heap after
{Heap after GC invocations=11 (full 0):
 garbage-first heap   total 41984K, used 14982K [0x00000000c0e00000, 0x0000000100000000)
  region size 1024K, 2 young (2048K), 2 survivors (2048K)
 Metaspace       used 36057K, committed 36416K, reserved 1081344K
  class space    used 4475K, committed 4672K, reserved 1048576K
}
Event: 4.045 GC heap before
{Heap before GC invocations=12 (full 0):
 garbage-first heap   total 41984K, used 30342K [0x00000000c0e00000, 0x0000000100000000)
  region size 1024K, 17 young (17408K), 2 survivors (2048K)
 Metaspace       used 39010K, committed 39424K, reserved 1089536K
  class space    used 4876K, committed 5056K, reserved 1048576K
}
Event: 4.050 GC heap after
{Heap after GC invocations=13 (full 0):
 garbage-first heap   total 41984K, used 15682K [0x00000000c0e00000, 0x0000000100000000)
  region size 1024K, 2 young (2048K), 2 survivors (2048K)
 Metaspace       used 39010K, committed 39424K, reserved 1089536K
  class space    used 4876K, committed 5056K, reserved 1048576K
}
Event: 4.170 GC heap before
{Heap before GC invocations=13 (full 0):
 garbage-first heap   total 41984K, used 31042K [0x00000000c0e00000, 0x0000000100000000)
  region size 1024K, 17 young (17408K), 2 survivors (2048K)
 Metaspace       used 39655K, committed 40064K, reserved 1089536K
  class space    used 4981K, committed 5184K, reserved 1048576K
}
Event: 4.175 GC heap after
{Heap after GC invocations=14 (full 0):
 garbage-first heap   total 51200K, used 16351K [0x00000000c0e00000, 0x0000000100000000)
  region size 1024K, 2 young (2048K), 2 survivors (2048K)
 Metaspace       used 39655K, committed 40064K, reserved 1089536K
  class space    used 4981K, committed 5184K, reserved 1048576K
}
Event: 4.567 GC heap before
{Heap before GC invocations=14 (full 0):
 garbage-first heap   total 51200K, used 38879K [0x00000000c0e00000, 0x0000000100000000)
  region size 1024K, 24 young (24576K), 2 survivors (2048K)
 Metaspace       used 42287K, committed 42624K, reserved 1089536K
  class space    used 5354K, committed 5504K, reserved 1048576K
}
Event: 4.575 GC heap after
{Heap after GC invocations=15 (full 0):
 garbage-first heap   total 51200K, used 18748K [0x00000000c0e00000, 0x0000000100000000)
  region size 1024K, 3 young (3072K), 3 survivors (3072K)
 Metaspace       used 42287K, committed 42624K, reserved 1089536K
  class space    used 5354K, committed 5504K, reserved 1048576K
}

